Build started 17/01/2016 13:37:24.
     1>Project "C:\Users\Roberto\Documents\Visual Studio 2013\Projects\SDL Game Master Gauntlet\SDL Game.vcxproj" on node 2 (Build target(s)).
     1>ClCompile:
         C:\Program Files (x86)\Microsoft Visual Studio 12.0\VC\bin\CL.exe /c /I"C:\Programas\visual leak detection\Visual Leak Detector\include" /Zi /nologo /W3 /WX- /sdl- /O2 /Oi /Oy- /GL /D _MBCS /Gm- /EHsc /MD /GS /Gy /fp:precise /Zc:wchar_t /Zc:forScope /Fo"Release\\" /Fd"Release\vc120.pdb" /Gd /TP /analyze- /errorReport:prompt Application.cpp Main.cpp ModuleAudio.cpp ModuleCollision.cpp ModuleEnemy.cpp ModuleEnemyGenerator.cpp ModuleFadeToBlack.cpp ModuleGoLevel2.cpp ModuleGoLevel3.cpp ModuleGoLevel4.cpp ModuleGoLevel5.cpp ModuleInput.cpp ModuleItems.cpp ModuleLevel1.cpp ModuleLevel2.cpp ModuleLevel3.cpp ModuleLevel4.cpp ModuleLevel5.cpp ModuleParticles.cpp ModulePlayer.cpp ModuleRender.cpp ModuleSceneIntro.cpp ModuleSceneSpace.cpp ModuleScore.cpp ModuleSideMenu.cpp ModuleTextures.cpp ModuleWindow.cpp
         Application.cpp
         Main.cpp
         ModuleAudio.cpp
         ModuleCollision.cpp
         ModuleEnemy.cpp
         ModuleEnemyGenerator.cpp
         ModuleFadeToBlack.cpp
         ModuleGoLevel2.cpp
         ModuleGoLevel3.cpp
         ModuleGoLevel4.cpp
         ModuleGoLevel5.cpp
         ModuleInput.cpp
         ModuleItems.cpp
     1>ModuleItems.cpp(266): warning C4018: '<' : signed/unsigned mismatch
     1>ModuleItems.cpp(274): warning C4018: '<' : signed/unsigned mismatch
         ModuleLevel1.cpp
         ModuleLevel2.cpp
     1>ModuleLevel2.cpp(194): warning C4018: '<' : signed/unsigned mismatch
         ModuleLevel3.cpp
     1>ModuleLevel3.cpp(200): warning C4018: '<' : signed/unsigned mismatch
         ModuleLevel4.cpp
     1>ModuleLevel4.cpp(198): warning C4018: '<' : signed/unsigned mismatch
         ModuleLevel5.cpp
     1>ModuleLevel5.cpp(200): warning C4018: '<' : signed/unsigned mismatch
         ModuleParticles.cpp
         ModulePlayer.cpp
     1>ModulePlayer.cpp(425): warning C4018: '<' : signed/unsigned mismatch
     1>ModulePlayer.cpp(426): warning C4018: '<' : signed/unsigned mismatch
     1>ModulePlayer.cpp(1562): warning C4018: '<' : signed/unsigned mismatch
     1>ModulePlayer.cpp(1563): warning C4018: '<' : signed/unsigned mismatch
     1>ModulePlayer.cpp(1613): warning C4018: '<' : signed/unsigned mismatch
     1>ModulePlayer.cpp(1614): warning C4018: '<' : signed/unsigned mismatch
         Compiling...
         ModuleRender.cpp
         ModuleSceneIntro.cpp
         ModuleSceneSpace.cpp
     1>ModuleSceneSpace.cpp(191): warning C4018: '<' : signed/unsigned mismatch
         ModuleScore.cpp
     1>ModuleScore.cpp(111): warning C4996: 'itoa': The POSIX name for this item is deprecated. Instead, use the ISO C++ conformant name: _itoa. See online help for details.
                 C:\Program Files (x86)\Microsoft Visual Studio 12.0\VC\include\stdlib.h(937) : see declaration of 'itoa'
     1>ModuleScore.cpp(112): warning C4996: 'itoa': The POSIX name for this item is deprecated. Instead, use the ISO C++ conformant name: _itoa. See online help for details.
                 C:\Program Files (x86)\Microsoft Visual Studio 12.0\VC\include\stdlib.h(937) : see declaration of 'itoa'
     1>ModuleScore.cpp(113): warning C4996: 'itoa': The POSIX name for this item is deprecated. Instead, use the ISO C++ conformant name: _itoa. See online help for details.
                 C:\Program Files (x86)\Microsoft Visual Studio 12.0\VC\include\stdlib.h(937) : see declaration of 'itoa'
         ModuleSideMenu.cpp
     1>ModuleSideMenu.cpp(142): warning C4996: 'itoa': The POSIX name for this item is deprecated. Instead, use the ISO C++ conformant name: _itoa. See online help for details.
                 C:\Program Files (x86)\Microsoft Visual Studio 12.0\VC\include\stdlib.h(937) : see declaration of 'itoa'
     1>ModuleSideMenu.cpp(143): warning C4996: 'itoa': The POSIX name for this item is deprecated. Instead, use the ISO C++ conformant name: _itoa. See online help for details.
                 C:\Program Files (x86)\Microsoft Visual Studio 12.0\VC\include\stdlib.h(937) : see declaration of 'itoa'
         ModuleTextures.cpp
         ModuleWindow.cpp
       Link:
         C:\Program Files (x86)\Microsoft Visual Studio 12.0\VC\bin\link.exe /ERRORREPORT:PROMPT /OUT:"C:\Users\Roberto\Documents\Visual Studio 2013\Projects\SDL Game Master Gauntlet\Release\SDL Game - Master 2.exe" /NOLOGO /LIBPATH:"C:\Programas\visual leak detection\Visual Leak Detector\lib\Win32" kernel32.lib user32.lib gdi32.lib winspool.lib comdlg32.lib advapi32.lib shell32.lib ole32.lib oleaut32.lib uuid.lib odbc32.lib odbccp32.lib /MANIFEST /MANIFESTUAC:"level='asInvoker' uiAccess='false'" /manifest:embed /DEBUG /PDB:"C:\Users\Roberto\Documents\Visual Studio 2013\Projects\SDL Game Master Gauntlet\Release\SDL Game - Master 2.pdb" /SUBSYSTEM:WINDOWS /OPT:REF /OPT:ICF /LTCG /TLBID:1 /DYNAMICBASE /NXCOMPAT /IMPLIB:"C:\Users\Roberto\Documents\Visual Studio 2013\Projects\SDL Game Master Gauntlet\Release\SDL Game - Master 2.lib" /MACHINE:X86 /SAFESEH Release\Application.obj
         Release\Log.obj
         Release\Main.obj
         Release\ModuleAudio.obj
         Release\ModuleCollision.obj
         Release\ModuleEnemy.obj
         Release\ModuleEnemyGenerator.obj
         Release\ModuleFadeToBlack.obj
         Release\ModuleGoLevel2.obj
         Release\ModuleGoLevel3.obj
         Release\ModuleGoLevel4.obj
         Release\ModuleGoLevel5.obj
         Release\ModuleInput.obj
         Release\ModuleItems.obj
         Release\ModuleLevel1.obj
         Release\ModuleLevel2.obj
         Release\ModuleLevel3.obj
         Release\ModuleLevel4.obj
         Release\ModuleLevel5.obj
         Release\ModuleParticles.obj
         Release\ModulePlayer.obj
         Release\ModuleRender.obj
         Release\ModuleSceneIntro.obj
         Release\ModuleSceneSpace.obj
         Release\ModuleScore.obj
         Release\ModuleSideMenu.obj
         Release\ModuleTextures.obj
         Release\ModuleWindow.obj
         Release\Timer.obj
         Generating code
         Finished generating code
         SDL Game.vcxproj -> C:\Users\Roberto\Documents\Visual Studio 2013\Projects\SDL Game Master Gauntlet\Release\SDL Game - Master 2.exe
     1>Done Building Project "C:\Users\Roberto\Documents\Visual Studio 2013\Projects\SDL Game Master Gauntlet\SDL Game.vcxproj" (Build target(s)).

Build succeeded.

Time Elapsed 00:00:28.75
